<?xml version="1.0" encoding="UTF-8"?>
<!-- Generated by org.testng.reporters.JUnitReportReporter -->
<testsuite hostname="DESKTOP-2O29EI6" failures="0" tests="5" name="test.FullSetupTest" time="61.696" errors="0" timestamp="2025-03-25T01:22:26 IST" skipped="0">
  <testcase classname="test.FullSetupTest" name="userLogin" time="15.972"/>
  <system-out>
    <![CDATA[Trying to login with useremail and password
User Logged In Sucess
On to the Agents Page]]>
  </system-out>
  <testcase classname="test.FullSetupTest" name="createAgent" time="11.074"/>
  <system-out>
    <![CDATA[Adding Agent Details
Agent Details added sucessfully]]>
  </system-out>
  <testcase classname="test.FullSetupTest" name="createAgent" time="8.101"/>
  <system-out>
    <![CDATA[Adding Agent Details
Agent Details added sucessfully]]>
  </system-out>
  <testcase classname="test.FullSetupTest" name="createAgent" time="10.919"/>
  <system-out>
    <![CDATA[Adding Agent Details
Agent Details added sucessfully]]>
  </system-out>
  <testcase classname="test.FullSetupTest" name="bulkUpload" time="15.630"/>
  <system-out>
    <![CDATA[Inside the bulk Upload Page
CSV File uploaded
Confirm Button Clicked
Mapping the data
Data Sucessfully Mapped
File Sucessfully Imported
Test Passed]]>
  </system-out>
</testsuite> <!-- test.FullSetupTest -->
