<?xml version="1.0" encoding="UTF-8"?>
<!-- Generated by org.testng.reporters.JUnitReportReporter -->
<testsuite hostname="DESKTOP-2O29EI6" failures="0" tests="1" name="test.RegistrationTest" time="46.442" errors="0" timestamp="2025-03-25T01:22:26 IST" skipped="0">
  <testcase classname="test.RegistrationTest" name="userRegistration" time="46.442"/>
  <system-out>
    <![CDATA[On Registeration Page
Entered Name,Email & Password
Swiching to iFrame for google CAPTCHA
Switched to IFrame
Please solve the captcha manually since it is not disabled
Waiting for Captcha to be solved
Captcha solved switching back to main frame
Entered MobileNumber
Terms and Condition checkbox checked
Clicked Signup Button
OTP sent to mobile number enter it on eclipse since otp is dynamic and not turned off for testing purpose
Please Enter OTP
Entering the given OTP
OTP Entered
Clicked Singup Button
Selected Calley Teams
Confirmed the selection of Calley Teams
Going to main dashboard
Checking if the account has been created for the user
Account Sucesfully Created]]>
  </system-out>
</testsuite> <!-- test.RegistrationTest -->
