<?xml version="1.0" encoding="UTF-8"?>
<!-- Generated by org.testng.reporters.JUnitReportReporter -->
<testsuite hostname="DESKTOP-2O29EI6" failures="0" tests="1" name="test.RegistrationTest" time="50.566" errors="0" timestamp="2025-03-24T18:12:07 IST" skipped="0">
  <testcase classname="test.RegistrationTest" name="userRegisteration" time="50.566"/>
  <system-out/>
</testsuite> <!-- test.RegistrationTest -->
