<?xml version="1.0" encoding="UTF-8"?>
<!-- Generated by org.testng.reporters.JUnitReportReporter -->
<testsuite hostname="DESKTOP-2O29EI6" failures="0" tests="5" name="test.FullSetupTest" time="79.218" errors="0" timestamp="2025-03-24T18:16:43 IST" skipped="0">
  <testcase classname="test.FullSetupTest" name="userLogin" time="36.706"/>
  <system-out/>
  <testcase classname="test.FullSetupTest" name="createAgent" time="9.369"/>
  <system-out/>
  <testcase classname="test.FullSetupTest" name="createAgent" time="11.224"/>
  <system-out/>
  <testcase classname="test.FullSetupTest" name="createAgent" time="8.562"/>
  <system-out/>
  <testcase classname="test.FullSetupTest" name="bulkUpload" time="13.357"/>
  <system-out/>
</testsuite> <!-- test.FullSetupTest -->
